# JRE version: Java(TM) SE Runtime Environment (8.0_181-b13) (build 1.8.0_181-b13)
# Java VM: Java HotSpot(TM) 64-Bit Server VM (25.181-b13 mixed mode windows-amd64 compressed oops)
Heap:
 PSYoungGen      total 232448K, used 77365K [0x00000000d5d80000, 0x00000000e6080000, 0x0000000100000000)
  eden space 220160K, 29% used [0x00000000d5d80000,0x00000000d9d10818,0x00000000e3480000)
  from space 12288K, 99% used [0x00000000e4380000,0x00000000e4f7cfd0,0x00000000e4f80000)
  to   space 15360K, 57% used [0x00000000e3480000,0x00000000e3d13fc0,0x00000000e4380000)
 ParOldGen       total 47616K, used 16704K [0x0000000081800000, 0x0000000084680000, 0x00000000d5d80000)
  object space 47616K, 35% used [0x0000000081800000,0x0000000082850388,0x0000000084680000)
 Metaspace       used 33829K, capacity 35328K, committed 35456K, reserved 1079296K
  class space    used 4616K, capacity 4910K, committed 4992K, reserved 1048576K
GC Heap History (10 events):
Event: 3.114 GC heap after
Heap after GC invocations=5 (full 0):
 PSYoungGen      total 71680K, used 5107K [0x00000000d5d80000, 0x00000000df180000, 0x0000000100000000)
  eden space 66560K, 0% used [0x00000000d5d80000,0x00000000d5d80000,0x00000000d9e80000)
  from space 5120K, 99% used [0x00000000d9e80000,0x00000000da37cc08,0x00000000da380000)
  to   space 9216K, 0% used [0x00000000de880000,0x00000000de880000,0x00000000df180000)
 ParOldGen       total 87552K, used 6492K [0x0000000081800000, 0x0000000086d80000, 0x00000000d5d80000)
  object space 87552K, 7% used [0x0000000081800000,0x0000000081e571f8,0x0000000086d80000)
 Metaspace       used 20672K, capacity 21248K, committed 21296K, reserved 1067008K
  class space    used 2757K, capacity 2920K, committed 2944K, reserved 1048576K
}
Event: 3.114 GC heap before
{Heap before GC invocations=6 (full 1):
 PSYoungGen      total 71680K, used 5107K [0x00000000d5d80000, 0x00000000df180000, 0x0000000100000000)
  eden space 66560K, 0% used [0x00000000d5d80000,0x00000000d5d80000,0x00000000d9e80000)
  from space 5120K, 99% used [0x00000000d9e80000,0x00000000da37cc08,0x00000000da380000)
  to   space 9216K, 0% used [0x00000000de880000,0x00000000de880000,0x00000000df180000)
 ParOldGen       total 87552K, used 6492K [0x0000000081800000, 0x0000000086d80000, 0x00000000d5d80000)
  object space 87552K, 7% used [0x0000000081800000,0x0000000081e571f8,0x0000000086d80000)
 Metaspace       used 20672K, capacity 21248K, committed 21296K, reserved 1067008K
  class space    used 2757K, capacity 2920K, committed 2944K, reserved 1048576K
Event: 3.163 GC heap after
Heap after GC invocations=6 (full 1):
 PSYoungGen      total 71680K, used 0K [0x00000000d5d80000, 0x00000000df180000, 0x0000000100000000)
  eden space 66560K, 0% used [0x00000000d5d80000,0x00000000d5d80000,0x00000000d9e80000)
  from space 5120K, 0% used [0x00000000d9e80000,0x00000000d9e80000,0x00000000da380000)
  to   space 9216K, 0% used [0x00000000de880000,0x00000000de880000,0x00000000df180000)
 ParOldGen       total 47616K, used 6029K [0x0000000081800000, 0x0000000084680000, 0x00000000d5d80000)
  object space 47616K, 12% used [0x0000000081800000,0x0000000081de3448,0x0000000084680000)
 Metaspace       used 20672K, capacity 21248K, committed 21296K, reserved 1067008K
  class space    used 2757K, capacity 2920K, committed 2944K, reserved 1048576K
}
Event: 4.307 GC heap before
{Heap before GC invocations=7 (full 1):
 PSYoungGen      total 71680K, used 66560K [0x00000000d5d80000, 0x00000000df180000, 0x0000000100000000)
  eden space 66560K, 100% used [0x00000000d5d80000,0x00000000d9e80000,0x00000000d9e80000)
  from space 5120K, 0% used [0x00000000d9e80000,0x00000000d9e80000,0x00000000da380000)
  to   space 9216K, 0% used [0x00000000de880000,0x00000000de880000,0x00000000df180000)
 ParOldGen       total 47616K, used 6029K [0x0000000081800000, 0x0000000084680000, 0x00000000d5d80000)
  object space 47616K, 12% used [0x0000000081800000,0x0000000081de3448,0x0000000084680000)
 Metaspace       used 24013K, capacity 24914K, committed 25088K, reserved 1071104K
  class space    used 3227K, capacity 3459K, committed 3584K, reserved 1048576K
Event: 4.319 GC heap after
Heap after GC invocations=7 (full 1):
 PSYoungGen      total 129536K, used 6246K [0x00000000d5d80000, 0x00000000def00000, 0x0000000100000000)
  eden space 122880K, 0% used [0x00000000d5d80000,0x00000000d5d80000,0x00000000dd580000)
  from space 6656K, 93% used [0x00000000de880000,0x00000000dee99868,0x00000000def00000)
  to   space 8704K, 0% used [0x00000000dde00000,0x00000000dde00000,0x00000000de680000)
 ParOldGen       total 47616K, used 6101K [0x0000000081800000, 0x0000000084680000, 0x00000000d5d80000)
  object space 47616K, 12% used [0x0000000081800000,0x0000000081df5458,0x0000000084680000)
 Metaspace       used 24013K, capacity 24914K, committed 25088K, reserved 1071104K
  class space    used 3227K, capacity 3459K, committed 3584K, reserved 1048576K
}
Event: 5.745 GC heap before
{Heap before GC invocations=8 (full 1):
 PSYoungGen      total 129536K, used 129126K [0x00000000d5d80000, 0x00000000def00000, 0x0000000100000000)
  eden space 122880K, 100% used [0x00000000d5d80000,0x00000000dd580000,0x00000000dd580000)
  from space 6656K, 93% used [0x00000000de880000,0x00000000dee99868,0x00000000def00000)
  to   space 8704K, 0% used [0x00000000dde00000,0x00000000dde00000,0x00000000de680000)
 ParOldGen       total 47616K, used 6101K [0x0000000081800000, 0x0000000084680000, 0x00000000d5d80000)
  object space 47616K, 12% used [0x0000000081800000,0x0000000081df5458,0x0000000084680000)
 Metaspace       used 29131K, capacity 30474K, committed 30592K, reserved 1075200K
  class space    used 3943K, capacity 4221K, committed 4224K, reserved 1048576K
Event: 5.771 GC heap after
Heap after GC invocations=8 (full 1):
 PSYoungGen      total 140288K, used 8682K [0x00000000d5d80000, 0x00000000e4f80000, 0x0000000100000000)
  eden space 131584K, 0% used [0x00000000d5d80000,0x00000000d5d80000,0x00000000dde00000)
  from space 8704K, 99% used [0x00000000dde00000,0x00000000de67a8a0,0x00000000de680000)
  to   space 12288K, 0% used [0x00000000e4380000,0x00000000e4380000,0x00000000e4f80000)
 ParOldGen       total 47616K, used 11249K [0x0000000081800000, 0x0000000084680000, 0x00000000d5d80000)
  object space 47616K, 23% used [0x0000000081800000,0x00000000822fc7d8,0x0000000084680000)
 Metaspace       used 29131K, capacity 30474K, committed 30592K, reserved 1075200K
  class space    used 3943K, capacity 4221K, committed 4224K, reserved 1048576K
}
Event: 7.056 GC heap before
{Heap before GC invocations=9 (full 1):
 PSYoungGen      total 140288K, used 140266K [0x00000000d5d80000, 0x00000000e4f80000, 0x0000000100000000)
  eden space 131584K, 100% used [0x00000000d5d80000,0x00000000dde00000,0x00000000dde00000)
  from space 8704K, 99% used [0x00000000dde00000,0x00000000de67a8a0,0x00000000de680000)
  to   space 12288K, 0% used [0x00000000e4380000,0x00000000e4380000,0x00000000e4f80000)
 ParOldGen       total 47616K, used 11249K [0x0000000081800000, 0x0000000084680000, 0x00000000d5d80000)
  object space 47616K, 23% used [0x0000000081800000,0x00000000822fc7d8,0x0000000084680000)
 Metaspace       used 32310K, capacity 33726K, committed 33920K, reserved 1079296K
  class space    used 4412K, capacity 4683K, committed 4736K, reserved 1048576K
Event: 7.076 GC heap after
Heap after GC invocations=9 (full 1):
 PSYoungGen      total 232448K, used 12275K [0x00000000d5d80000, 0x00000000e6080000, 0x0000000100000000)
  eden space 220160K, 0% used [0x00000000d5d80000,0x00000000d5d80000,0x00000000e3480000)
  from space 12288K, 99% used [0x00000000e4380000,0x00000000e4f7cfd0,0x00000000e4f80000)
  to   space 15360K, 0% used [0x00000000e3480000,0x00000000e3480000,0x00000000e4380000)
 ParOldGen       total 47616K, used 14496K [0x0000000081800000, 0x0000000084680000, 0x00000000d5d80000)
  object space 47616K, 30% used [0x0000000081800000,0x0000000082628368,0x0000000084680000)
 Metaspace       used 32310K, capacity 33726K, committed 33920K, reserved 1079296K
  class space    used 4412K, capacity 4683K, committed 4736K, reserved 1048576K
}
Event: 7.612 GC heap before
{Heap before GC invocations=10 (full 1):
 PSYoungGen      total 232448K, used 77365K [0x00000000d5d80000, 0x00000000e6080000, 0x0000000100000000)
  eden space 220160K, 29% used [0x00000000d5d80000,0x00000000d9d10818,0x00000000e3480000)
  from space 12288K, 99% used [0x00000000e4380000,0x00000000e4f7cfd0,0x00000000e4f80000)
  to   space 15360K, 0% used [0x00000000e3480000,0x00000000e3480000,0x00000000e4380000)
 ParOldGen       total 47616K, used 14496K [0x0000000081800000, 0x0000000084680000, 0x00000000d5d80000)
  object space 47616K, 30% used [0x0000000081800000,0x0000000082628368,0x0000000084680000)
 Metaspace       used 33829K, capacity 35328K, committed 35456K, reserved 1079296K
  class space    used 4616K, capacity 4910K, committed 4992K, reserved 1048576K

